\BOOKMARK [0][-]{chapter*.1}{D\351dicaces}{}% 1
\BOOKMARK [0][-]{chapter*.2}{Remerciements}{}% 2
\BOOKMARK [0][-]{chapter*.2}{Sommaire}{}% 3
\BOOKMARK [0][-]{chapter*.4}{Introduction}{}% 4
\BOOKMARK [0][-]{chapter.1}{Pr\351sentation g\351n\351rale des polyn\364mes orthogonaux}{}% 5
\BOOKMARK [1][-]{section.1.1}{Espaces pr\351hilbertiens}{chapter.1}% 6
\BOOKMARK [2][-]{subsection.1.1.1}{Formes hermitiennes}{section.1.1}% 7
\BOOKMARK [2][-]{subsection.1.1.2}{Projet\351 orthogonal}{section.1.1}% 8
\BOOKMARK [2][-]{subsection.1.1.3}{Bases hilbertiennes}{section.1.1}% 9
\BOOKMARK [2][-]{subsection.1.1.4}{M\351thode d'orthogonalisation de Gram-Schmidt}{section.1.1}% 10
\BOOKMARK [1][-]{section.1.2}{Polyn\364mes orthogonaux et leurs propri\351t\351s}{chapter.1}% 11
\BOOKMARK [2][-]{subsection.1.2.1}{Formule de r\351currence et formule de Darboux Christoffel}{section.1.2}% 12
\BOOKMARK [2][-]{subsection.1.2.2}{Les z\351ros des polyn\364mes orthogonaux}{section.1.2}% 13
\BOOKMARK [0][-]{chapter.2}{\311tude de quelques familles classiques de polyn\364mes orthogonaux}{}% 14
\BOOKMARK [1][-]{section.2.1}{Formule de Rodrigues}{chapter.2}% 15
\BOOKMARK [1][-]{section.2.2}{D\351finition des familles classiques}{chapter.2}% 16
\BOOKMARK [1][-]{section.2.3}{\311quations diff\351rentielles}{chapter.2}% 17
\BOOKMARK [1][-]{section.2.4}{Fonctions g\351n\351ratrices}{chapter.2}% 18
\BOOKMARK [1][-]{section.2.5}{Polyn\364mes de Legendre}{chapter.2}% 19
\BOOKMARK [1][-]{section.2.6}{Polyn\364mes de Laguerre}{chapter.2}% 20
\BOOKMARK [1][-]{section.2.7}{Polyn\364mes de Hermite}{chapter.2}% 21
\BOOKMARK [1][-]{section.2.8}{Polyn\364mes de Tchebychev}{chapter.2}% 22
\BOOKMARK [0][-]{chapter.3}{Quelques domaines d'application des polyn\364mes orthogonaux}{}% 23
\BOOKMARK [1][-]{section.3.1}{Quadrature de Gauss en analyse num\351rique}{chapter.3}% 24
\BOOKMARK [1][-]{section.3.2}{Oscillateur harmonique}{chapter.3}% 25
\BOOKMARK [0][-]{appendix.A}{Obtention des polyn\364mes orthogonaux classiques par le proc\351d\351 d'orthogonalisation de Gram-Schmidt}{}% 26
\BOOKMARK [0][-]{appendix.B}{D\351finition alternative des polyn\364mes orthogonaux comme solutions d'un probl\350me de Sturm-Liouville}{}% 27
\BOOKMARK [0][-]{appendix*.13}{Conclusion}{}% 28
\BOOKMARK [0][-]{appendix*.14}{Bibliographie}{}% 29
